#
# There is insufficient memory for the Java Runtime Environment to continue.
# Native memory allocation (mmap) failed to map 144703488 bytes for G1 virtual space
# Possible reasons:
#   The system is out of physical RAM or swap space
#   The process is running with CompressedOops enabled, and the Java Heap may be blocking the growth of the native heap
# Possible solutions:
#   Reduce memory load on the system
#   Increase physical memory or swap space
#   Check if swap backing store is full
#   Decrease Java heap size (-Xmx/-Xms)
#   Decrease number of Java threads
#   Decrease Java thread stack sizes (-Xss)
#   Set larger code cache with -XX:ReservedCodeCacheSize=
#   JVM is running with Zero Based Compressed Oops mode in which the Java heap is
#     placed in the first 32GB address space. The Java Heap base address is the
#     maximum limit for the native heap growth. Please use -XX:HeapBaseMinAddress
#     to set the Java Heap base and to place the Java Heap above 32GB virtual address.
# This output file may be truncated or incomplete.
#
#  Out of Memory Error (os_windows.cpp:3557), pid=17208, tid=16104
#
# JRE version: OpenJDK Runtime Environment Temurin-17.0.6+10 (17.0.6+10) (build 17.0.6+10)
# Java VM: OpenJDK 64-Bit Server VM Temurin-17.0.6+10 (17.0.6+10, mixed mode, tiered, compressed oops, compressed class ptrs, g1 gc, windows-amd64)
# No core dump will be written. Minidumps are not enabled by default on client versions of Windows
#

---------------  S U M M A R Y ------------

Command Line: -Djavax.net.ssl.trustStoreType=WINDOWS-ROOT com.st.microxplorer.maingui.STM32CubeMX D:\work\ÐÀÇÐÀÁÎÒÊÈ\board STM32G070CBT6\4_IAR\4_SPI_DMA_LL_driver\STM32G070.ioc

Host: Intel(R) Xeon(R) CPU           X3470  @ 2.93GHz, 8 cores, 15G,  Windows 10 , 64 bit Build 17763 (10.0.17763.4720)
Time: Fri Sep  8 02:14:36 2023 Ôèíëÿíäèÿ (ëåòî) elapsed time: 38.674409 seconds (0d 0h 0m 38s)

---------------  T H R E A D  ---------------

Current thread (0x00000258ff2b2410):  VMThread "VM Thread" [stack: 0x000000f032800000,0x000000f032900000] [id=16104]

Stack: [0x000000f032800000,0x000000f032900000]
Native frames: (J=compiled Java code, j=interpreted, Vv=VM code, C=native code)
V  [jvm.dll+0x67741a]
V  [jvm.dll+0x834434]
V  [jvm.dll+0x835bde]
V  [jvm.dll+0x836243]
V  [jvm.dll+0x2457b5]
V  [jvm.dll+0x674329]
V  [jvm.dll+0x6689da]
V  [jvm.dll+0x30489b]
V  [jvm.dll+0x30bd96]
V  [jvm.dll+0x35b57e]
V  [jvm.dll+0x35b7af]
V  [jvm.dll+0x2db778]
V  [jvm.dll+0x2d9a2c]
V  [jvm.dll+0x2d8ffc]
V  [jvm.dll+0x31cdcb]
V  [jvm.dll+0x83a6eb]
V  [jvm.dll+0x83b424]
V  [jvm.dll+0x83b93c]
V  [jvm.dll+0x83bd14]
V  [jvm.dll+0x83bde0]
V  [jvm.dll+0x7e483a]
V  [jvm.dll+0x6762c5]
C  [ucrtbase.dll+0x2268a]
C  [KERNEL32.DLL+0x17ac4]
C  [ntdll.dll+0x5a351]

VM_Operation (0x000000f0347fed00): G1CollectForAllocation, mode: safepoint, requested by thread 0x00000258ab998d10


---------------  P R O C E S S  ---------------

Threads class SMR info:
_java_thread_list=0x00000258ac688930, length=22, elements={
0x00000258ffc6d260, 0x00000258ffc4d3c0, 0x00000258ffca0bf0, 0x00000258ffca3ad0,
0x00000258ffca72f0, 0x00000258ffca5ae0, 0x00000258ffcca4f0, 0x00000258ffccc220,
0x00000258ffcd7d30, 0x00000258ffca77c0, 0x00000258ffca6950, 0x00000258ffca5140,
0x00000258ffca8160, 0x00000258ffca5610, 0x00000258ab99c6d0, 0x00000258ab997030,
0x00000258ab998370, 0x00000258a1048ae0, 0x00000258ab9979d0, 0x00000258ab99b860,
0x00000258ab998840, 0x00000258ab998d10
}

Java Threads: ( => current thread )
  0x00000258ffc6d260 JavaThread "Reference Handler" daemon [_thread_blocked, id=10012, stack(0x000000f032900000,0x000000f032a00000)]
  0x00000258ffc4d3c0 JavaThread "Finalizer" daemon [_thread_blocked, id=16232, stack(0x000000f032a00000,0x000000f032b00000)]
  0x00000258ffca0bf0 JavaThread "Signal Dispatcher" daemon [_thread_blocked, id=7952, stack(0x000000f032b00000,0x000000f032c00000)]
  0x00000258ffca3ad0 JavaThread "Attach Listener" daemon [_thread_blocked, id=2656, stack(0x000000f032c00000,0x000000f032d00000)]
  0x00000258ffca72f0 JavaThread "Service Thread" daemon [_thread_blocked, id=6608, stack(0x000000f032d00000,0x000000f032e00000)]
  0x00000258ffca5ae0 JavaThread "Monitor Deflation Thread" daemon [_thread_blocked, id=12344, stack(0x000000f032e00000,0x000000f032f00000)]
  0x00000258ffcca4f0 JavaThread "C2 CompilerThread0" daemon [_thread_blocked, id=3388, stack(0x000000f032f00000,0x000000f033000000)]
  0x00000258ffccc220 JavaThread "C1 CompilerThread0" daemon [_thread_blocked, id=5392, stack(0x000000f033000000,0x000000f033100000)]
  0x00000258ffcd7d30 JavaThread "Sweeper thread" daemon [_thread_blocked, id=14104, stack(0x000000f033100000,0x000000f033200000)]
  0x00000258ffca77c0 JavaThread "Notification Thread" daemon [_thread_blocked, id=7940, stack(0x000000f033200000,0x000000f033300000)]
  0x00000258ffca6950 JavaThread "Common-Cleaner" daemon [_thread_blocked, id=7996, stack(0x000000f033400000,0x000000f033500000)]
  0x00000258ffca5140 JavaThread "Java2D Disposer" daemon [_thread_blocked, id=1124, stack(0x000000f033d00000,0x000000f033e00000)]
  0x00000258ffca8160 JavaThread "AWT-Windows" daemon [_thread_in_native, id=16528, stack(0x000000f033f00000,0x000000f034000000)]
  0x00000258ffca5610 JavaThread "D3D Screen Updater" daemon [_thread_blocked, id=8272, stack(0x000000f034500000,0x000000f034600000)]
  0x00000258ab99c6d0 JavaThread "AWT-Shutdown" [_thread_blocked, id=6904, stack(0x000000f034200000,0x000000f034300000)]
  0x00000258ab997030 JavaThread "AWT-EventQueue-0" [_thread_blocked, id=3340, stack(0x000000f034300000,0x000000f034400000)]
  0x00000258ab998370 JavaThread "DestroyJavaVM" [_thread_blocked, id=16600, stack(0x000000f032200000,0x000000f032300000)]
  0x00000258a1048ae0 JavaThread "C2 CompilerThread1" daemon [_thread_blocked, id=14920, stack(0x000000f033e00000,0x000000f033f00000)]
  0x00000258ab9979d0 JavaThread "TimerQueue" daemon [_thread_blocked, id=5468, stack(0x000000f034900000,0x000000f034a00000)]
  0x00000258ab99b860 JavaThread "Keep-Alive-Timer" daemon [_thread_blocked, id=11532, stack(0x000000f034c00000,0x000000f034d00000)]
  0x00000258ab998840 JavaThread "SwingWorker-pool-2-thread-1" daemon [_thread_blocked, id=17072, stack(0x000000f034400000,0x000000f034500000)]
  0x00000258ab998d10 JavaThread "Thread-1492" daemon [_thread_blocked, id=16488, stack(0x000000f034700000,0x000000f034800000)]

Other Threads:
=>0x00000258ff2b2410 VMThread "VM Thread" [stack: 0x000000f032800000,0x000000f032900000] [id=16104]
  0x00000258facaf750 WatcherThread [stack: 0x000000f033300000,0x000000f033400000] [id=10720]
  0x00000258fac96100 GCTaskThread "GC Thread#0" [stack: 0x000000f032300000,0x000000f032400000] [id=10992]
  0x000002589f5c0dc0 GCTaskThread "GC Thread#1" [stack: 0x000000f033600000,0x000000f033700000] [id=13768]
  0x000002589f5c1070 GCTaskThread "GC Thread#2" [stack: 0x000000f033700000,0x000000f033800000] [id=8984]
  0x000002589f650490 GCTaskThread "GC Thread#3" [stack: 0x000000f033800000,0x000000f033900000] [id=16088]
  0x00000258a0770bc0 GCTaskThread "GC Thread#4" [stack: 0x000000f033900000,0x000000f033a00000] [id=1840]
  0x00000258a0994200 GCTaskThread "GC Thread#5" [stack: 0x000000f033a00000,0x000000f033b00000] [id=10032]
  0x000002589f582020 GCTaskThread "GC Thread#6" [stack: 0x000000f033b00000,0x000000f033c00000] [id=5992]
  0x000002589f5c0020 GCTaskThread "GC Thread#7" [stack: 0x000000f033c00000,0x000000f033d00000] [id=6368]
  0x00000258faca7bd0 ConcurrentGCThread "G1 Main Marker" [stack: 0x000000f032400000,0x000000f032500000] [id=16884]
  0x00000258faca85e0 ConcurrentGCThread "G1 Conc#0" [stack: 0x000000f032500000,0x000000f032600000] [id=4244]
  0x00000258a0b96280 ConcurrentGCThread "G1 Conc#1" [stack: 0x000000f033500000,0x000000f033600000] [id=2168]
  0x00000258ff161160 ConcurrentGCThread "G1 Refine#0" [stack: 0x000000f032600000,0x000000f032700000] [id=6580]
  0x00000258ff161990 ConcurrentGCThread "G1 Service" [stack: 0x000000f032700000,0x000000f032800000] [id=2148]

Threads with active compile tasks:

VM state: at safepoint (normal execution)

VM Mutex/Monitor currently owned by a thread:  ([mutex/lock_event])
[0x00000258fac24670] Threads_lock - owner thread: 0x00000258ff2b2410
[0x00000258fac24280] Heap_lock - owner thread: 0x00000258ab998d10

Heap address: 0x0000000700200000, size: 4094 MB, Compressed Oops mode: Zero based, Oop shift amount: 3

CDS archive(s) not mapped
Compressed class space mapped at: 0x0000000800000000-0x0000000840000000, reserved size: 1073741824
Narrow klass base: 0x0000000800000000, Narrow klass shift: 0, Narrow klass range: 0x40000000

GC Precious Log:
 CPUs: 8 total, 8 available
 Memory: 16375M
 Large Page Support: Disabled
 NUMA Support: Disabled
 Compressed Oops: Enabled (Zero based)
 Heap Region Size: 2M
 Heap Min Capacity: 8M
 Heap Initial Capacity: 256M
 Heap Max Capacity: 4094M
 Pre-touch: Disabled
 Parallel Workers: 8
 Concurrent Workers: 2
 Concurrent Refinement Workers: 8
 Periodic GC: Disabled

Heap:
 garbage-first heap   total 409600K, used 106535K [0x0000000700200000, 0x0000000800000000)
  region size 2048K, 9 young (18432K), 9 survivors (18432K)
 Metaspace       used 68646K, committed 69504K, reserved 1114112K
  class space    used 7756K, committed 8192K, reserved 1048576K

Heap Regions: E=young(eden), S=young(survivor), O=old, HS=humongous(starts), HC=humongous(continues), CS=collection set, F=free, OA=open archive, CA=closed archive, TAMS=top-at-mark-start (previous, next)
|   0|0x0000000700200000, 0x0000000700400000, 0x0000000700400000|100%|HS|  |TAMS 0x0000000700400000, 0x0000000700400000| Complete 
|   1|0x0000000700400000, 0x0000000700600000, 0x0000000700600000|100%|HC|  |TAMS 0x0000000700600000, 0x0000000700600000| Complete 
|   2|0x0000000700600000, 0x0000000700800000, 0x0000000700800000|100%|HC|  |TAMS 0x0000000700800000, 0x0000000700800000| Complete 
|   3|0x0000000700800000, 0x0000000700a00000, 0x0000000700a00000|100%| O|  |TAMS 0x0000000700a00000, 0x0000000700a00000| Untracked 
|   4|0x0000000700a00000, 0x0000000700bca600, 0x0000000700c00000| 89%| O|  |TAMS 0x0000000700bca600, 0x0000000700bca600| Untracked 
|   5|0x0000000700c00000, 0x0000000700e00000, 0x0000000700e00000|100%| O|  |TAMS 0x0000000700e00000, 0x0000000700e00000| Untracked 
|   6|0x0000000700e00000, 0x0000000701000000, 0x0000000701000000|100%| O|  |TAMS 0x0000000701000000, 0x0000000701000000| Untracked 
|   7|0x0000000701000000, 0x0000000701200000, 0x0000000701200000|100%| O|  |TAMS 0x0000000701200000, 0x0000000701200000| Untracked 
|   8|0x0000000701200000, 0x0000000701400000, 0x0000000701400000|100%| O|  |TAMS 0x0000000701400000, 0x0000000701400000| Untracked 
|   9|0x0000000701400000, 0x0000000701600000, 0x0000000701600000|100%| O|  |TAMS 0x0000000701600000, 0x0000000701600000| Untracked 
|  10|0x0000000701600000, 0x0000000701800000, 0x0000000701800000|100%| O|  |TAMS 0x0000000701800000, 0x0000000701800000| Untracked 
|  11|0x0000000701800000, 0x0000000701a00000, 0x0000000701a00000|100%| O|  |TAMS 0x0000000701a00000, 0x0000000701a00000| Untracked 
|  12|0x0000000701a00000, 0x0000000701c00000, 0x0000000701c00000|100%|HS|  |TAMS 0x0000000701a00000, 0x0000000701c00000| Complete 
|  13|0x0000000701c00000, 0x0000000701e00000, 0x0000000701e00000|100%| O|  |TAMS 0x0000000701db6800, 0x0000000701e00000| Untracked 
|  14|0x0000000701e00000, 0x0000000701fd3400, 0x0000000702000000| 91%| O|  |TAMS 0x0000000701e00000, 0x0000000701fd3400| Untracked 
|  15|0x0000000702000000, 0x0000000702200000, 0x0000000702200000|100%| O|  |TAMS 0x0000000702000000, 0x00000007021ba400| Untracked 
|  16|0x0000000702200000, 0x0000000702400000, 0x0000000702400000|100%|HS|  |TAMS 0x0000000702200000, 0x0000000702400000| Complete 
|  17|0x0000000702400000, 0x0000000702600000, 0x0000000702600000|100%|HC|  |TAMS 0x0000000702400000, 0x0000000702600000| Complete 
|  18|0x0000000702600000, 0x0000000702800000, 0x0000000702800000|100%|HS|  |TAMS 0x0000000702600000, 0x0000000702800000| Complete 
|  19|0x0000000702800000, 0x0000000702a00000, 0x0000000702a00000|100%|HC|  |TAMS 0x0000000702800000, 0x0000000702a00000| Complete 
|  20|0x0000000702a00000, 0x0000000702c00000, 0x0000000702c00000|100%|HS|  |TAMS 0x0000000702a00000, 0x0000000702c00000| Complete 
|  21|0x0000000702c00000, 0x0000000702e00000, 0x0000000702e00000|100%|HC|  |TAMS 0x0000000702c00000, 0x0000000702e00000| Complete 
|  22|0x0000000702e00000, 0x0000000703000000, 0x0000000703000000|100%|HS|  |TAMS 0x0000000702e00000, 0x0000000703000000| Complete 
|  23|0x0000000703000000, 0x0000000703200000, 0x0000000703200000|100%|HC|  |TAMS 0x0000000703000000, 0x0000000703200000| Complete 
|  24|0x0000000703200000, 0x0000000703400000, 0x0000000703400000|100%|HS|  |TAMS 0x0000000703200000, 0x0000000703400000| Complete 
|  25|0x0000000703400000, 0x0000000703600000, 0x0000000703600000|100%|HC|  |TAMS 0x0000000703400000, 0x0000000703600000| Complete 
|  26|0x0000000703600000, 0x0000000703800000, 0x0000000703800000|100%|HS|  |TAMS 0x0000000703600000, 0x0000000703800000| Complete 
|  27|0x0000000703800000, 0x0000000703a00000, 0x0000000703a00000|100%|HC|  |TAMS 0x0000000703800000, 0x0000000703a00000| Complete 
|  28|0x0000000703a00000, 0x0000000703c00000, 0x0000000703c00000|100%|HS|  |TAMS 0x0000000703a00000, 0x0000000703c00000| Complete 
|  29|0x0000000703c00000, 0x0000000703e00000, 0x0000000703e00000|100%|HC|  |TAMS 0x0000000703c00000, 0x0000000703e00000| Complete 
|  30|0x0000000703e00000, 0x0000000704000000, 0x0000000704000000|100%| O|  |TAMS 0x0000000703e00000, 0x0000000703e00000| Untracked 
|  31|0x0000000704000000, 0x0000000704200000, 0x0000000704200000|100%|HS|  |TAMS 0x0000000704000000, 0x0000000704200000| Complete 
|  32|0x0000000704200000, 0x0000000704400000, 0x0000000704400000|100%|HC|  |TAMS 0x0000000704200000, 0x0000000704400000| Complete 
|  33|0x0000000704400000, 0x0000000704600000, 0x0000000704600000|100%|HS|  |TAMS 0x0000000704400000, 0x0000000704600000| Complete 
|  34|0x0000000704600000, 0x0000000704800000, 0x0000000704800000|100%|HC|  |TAMS 0x0000000704600000, 0x0000000704800000| Complete 
|  35|0x0000000704800000, 0x0000000704a00000, 0x0000000704a00000|100%|HS|  |TAMS 0x0000000704800000, 0x0000000704800000| Complete 
|  36|0x0000000704a00000, 0x0000000704c00000, 0x0000000704c00000|100%|HC|  |TAMS 0x0000000704a00000, 0x0000000704a00000| Complete 
|  37|0x0000000704c00000, 0x0000000704e00000, 0x0000000704e00000|100%| O|  |TAMS 0x0000000704c00000, 0x0000000704c00000| Untracked 
|  38|0x0000000704e00000, 0x0000000705000000, 0x0000000705000000|100%| O|  |TAMS 0x0000000704e00000, 0x0000000704e00000| Untracked 
|  39|0x0000000705000000, 0x0000000705200000, 0x0000000705200000|100%| O|  |TAMS 0x0000000705000000, 0x0000000705000000| Untracked 
|  40|0x0000000705200000, 0x0000000705400000, 0x0000000705400000|100%| O|  |TAMS 0x0000000705200000, 0x0000000705200000| Untracked 
|  41|0x0000000705400000, 0x0000000705600000, 0x0000000705600000|100%| O|  |TAMS 0x0000000705400000, 0x0000000705400000| Untracked 
|  42|0x0000000705600000, 0x0000000705800000, 0x0000000705800000|100%| O|  |TAMS 0x0000000705600000, 0x0000000705600000| Untracked 
|  43|0x0000000705800000, 0x00000007059b0800, 0x0000000705a00000| 84%| O|  |TAMS 0x0000000705800000, 0x0000000705800000| Untracked 
|  44|0x0000000705a00000, 0x0000000705a00000, 0x0000000705c00000|  0%| F|  |TAMS 0x0000000705a00000, 0x0000000705a00000| Untracked 
|  45|0x0000000705c00000, 0x0000000705c00000, 0x0000000705e00000|  0%| F|  |TAMS 0x0000000705c00000, 0x0000000705c00000| Untracked 
|  46|0x0000000705e00000, 0x0000000705e00000, 0x0000000706000000|  0%| F|  |TAMS 0x0000000705e00000, 0x0000000705e00000| Untracked 
|  47|0x0000000706000000, 0x0000000706000000, 0x0000000706200000|  0%| F|  |TAMS 0x0000000706000000, 0x0000000706000000| Untracked 
|  48|0x0000000706200000, 0x0000000706200000, 0x0000000706400000|  0%| F|  |TAMS 0x0000000706200000, 0x0000000706200000| Untracked 
|  49|0x0000000706400000, 0x0000000706400000, 0x0000000706600000|  0%| F|  |TAMS 0x0000000706400000, 0x0000000706400000| Untracked 
|  50|0x0000000706600000, 0x0000000706600000, 0x0000000706800000|  0%| F|  |TAMS 0x0000000706600000, 0x0000000706600000| Untracked 
|  51|0x0000000706800000, 0x0000000706800000, 0x0000000706a00000|  0%| F|  |TAMS 0x0000000706800000, 0x0000000706800000| Untracked 
|  52|0x0000000706a00000, 0x0000000706a00000, 0x0000000706c00000|  0%| F|  |TAMS 0x0000000706a00000, 0x0000000706a00000| Untracked 
|  53|0x0000000706c00000, 0x0000000706c00000, 0x0000000706e00000|  0%| F|  |TAMS 0x0000000706c00000, 0x0000000706c00000| Untracked 
|  54|0x0000000706e00000, 0x0000000706e00000, 0x0000000707000000|  0%| F|  |TAMS 0x0000000706e00000, 0x0000000706e00000| Untracked 
|  55|0x0000000707000000, 0x0000000707000000, 0x0000000707200000|  0%| F|  |TAMS 0x0000000707000000, 0x0000000707000000| Untracked 
|  56|0x0000000707200000, 0x0000000707200000, 0x0000000707400000|  0%| F|  |TAMS 0x0000000707200000, 0x0000000707200000| Untracked 
|  57|0x0000000707400000, 0x0000000707400000, 0x0000000707600000|  0%| F|  |TAMS 0x0000000707400000, 0x0000000707400000| Untracked 
|  58|0x0000000707600000, 0x0000000707600000, 0x0000000707800000|  0%| F|  |TAMS 0x0000000707600000, 0x0000000707600000| Untracked 
|  59|0x0000000707800000, 0x0000000707800000, 0x0000000707a00000|  0%| F|  |TAMS 0x0000000707800000, 0x0000000707800000| Untracked 
|  60|0x0000000707a00000, 0x0000000707a00000, 0x0000000707c00000|  0%| F|  |TAMS 0x0000000707a00000, 0x0000000707a00000| Untracked 
|  61|0x0000000707c00000, 0x0000000707c00000, 0x0000000707e00000|  0%| F|  |TAMS 0x0000000707c00000, 0x0000000707c00000| Untracked 
|  62|0x0000000707e00000, 0x0000000707e00000, 0x0000000708000000|  0%| F|  |TAMS 0x0000000707e00000, 0x0000000707e00000| Untracked 
|  63|0x0000000708000000, 0x0000000708000000, 0x0000000708200000|  0%| F|  |TAMS 0x0000000708000000, 0x0000000708000000| Untracked 
|  64|0x0000000708200000, 0x0000000708200000, 0x0000000708400000|  0%| F|  |TAMS 0x0000000708200000, 0x0000000708200000| Untracked 
|  65|0x0000000708400000, 0x0000000708400000, 0x0000000708600000|  0%| F|  |TAMS 0x0000000708400000, 0x0000000708400000| Untracked 
|  66|0x0000000708600000, 0x0000000708600000, 0x0000000708800000|  0%| F|  |TAMS 0x0000000708600000, 0x0000000708600000| Untracked 
|  67|0x0000000708800000, 0x0000000708800000, 0x0000000708a00000|  0%| F|  |TAMS 0x0000000708800000, 0x0000000708800000| Untracked 
|  68|0x0000000708a00000, 0x0000000708a00000, 0x0000000708c00000|  0%| F|  |TAMS 0x0000000708a00000, 0x0000000708a00000| Untracked 
|  69|0x0000000708c00000, 0x0000000708c00000, 0x0000000708e00000|  0%| F|  |TAMS 0x0000000708c00000, 0x0000000708c00000| Untracked 
|  70|0x0000000708e00000, 0x0000000708e00000, 0x0000000709000000|  0%| F|  |TAMS 0x0000000708e00000, 0x0000000708e00000| Untracked 
|  71|0x0000000709000000, 0x00000007090bbc90, 0x0000000709200000| 36%| S|CS|TAMS 0x0000000709000000, 0x0000000709000000| Complete 
|  72|0x0000000709200000, 0x0000000709400000, 0x0000000709400000|100%| S|CS|TAMS 0x0000000709200000, 0x0000000709200000| Complete 
|  73|0x0000000709400000, 0x0000000709600000, 0x0000000709600000|100%| S|CS|TAMS 0x0000000709400000, 0x0000000709400000| Complete 
|  74|0x0000000709600000, 0x0000000709800000, 0x0000000709800000|100%| S|CS|TAMS 0x0000000709600000, 0x0000000709600000| Complete 
|  75|0x0000000709800000, 0x0000000709a00000, 0x0000000709a00000|100%| S|CS|TAMS 0x0000000709800000, 0x0000000709800000| Complete 
|  76|0x0000000709a00000, 0x0000000709c00000, 0x0000000709c00000|100%| S|CS|TAMS 0x0000000709a00000, 0x0000000709a00000| Complete 
|  77|0x0000000709c00000, 0x0000000709e00000, 0x0000000709e00000|100%| S|CS|TAMS 0x0000000709c00000, 0x0000000709c00000| Complete 
|  78|0x0000000709e00000, 0x000000070a000000, 0x000000070a000000|100%| S|CS|TAMS 0x0000000709e00000, 0x0000000709e00000| Complete 
|  79|0x000000070a000000, 0x000000070a200000, 0x000000070a200000|100%| S|CS|TAMS 0x000000070a000000, 0x000000070a000000| Complete 
|  80|0x000000070a200000, 0x000000070a200000, 0x000000070a400000|  0%| F|  |TAMS 0x000000070a200000, 0x000000070a200000| Untracked 
|  81|0x000000070a400000, 0x000000070a400000, 0x000000070a600000|  0%| F|  |TAMS 0x000000070a400000, 0x000000070a400000| Untracked 
|  82|0x000000070a600000, 0x000000070a600000, 0x000000070a800000|  0%| F|  |TAMS 0x000000070a600000, 0x000000070a600000| Untracked 
|  83|0x000000070a800000, 0x000000070a800000, 0x000000070aa00000|  0%| F|  |TAMS 0x000000070a800000, 0x000000070a800000| Untracked 
|  84|0x000000070aa00000, 0x000000070aa00000, 0x000000070ac00000|  0%| F|  |TAMS 0x000000070aa00000, 0x000000070aa00000| Untracked 
|  85|0x000000070ac00000, 0x000000070ac00000, 0x000000070ae00000|  0%| F|  |TAMS 0x000000070ac00000, 0x000000070ac00000| Untracked 
|  86|0x000000070ae00000, 0x000000070ae00000, 0x000000070b000000|  0%| F|  |TAMS 0x000000070ae00000, 0x000000070ae00000| Untracked 
|  87|0x000000070b000000, 0x000000070b000000, 0x000000070b200000|  0%| F|  |TAMS 0x000000070b000000, 0x000000070b000000| Untracked 
|  88|0x000000070b200000, 0x000000070b200000, 0x000000070b400000|  0%| F|  |TAMS 0x000000070b200000, 0x000000070b200000| Untracked 
|  89|0x000000070b400000, 0x000000070b400000, 0x000000070b600000|  0%| F|  |TAMS 0x000000070b400000, 0x000000070b400000| Untracked 
|  90|0x000000070b600000, 0x000000070b600000, 0x000000070b800000|  0%| F|  |TAMS 0x000000070b600000, 0x000000070b600000| Untracked 
|  91|0x000000070b800000, 0x000000070b800000, 0x000000070ba00000|  0%| F|  |TAMS 0x000000070b800000, 0x000000070b800000| Untracked 
|  92|0x000000070ba00000, 0x000000070ba00000, 0x000000070bc00000|  0%| F|  |TAMS 0x000000070ba00000, 0x000000070ba00000| Untracked 
|  93|0x000000070bc00000, 0x000000070bc00000, 0x000000070be00000|  0%| F|  |TAMS 0x000000070bc00000, 0x000000070bc00000| Untracked 
|  94|0x000000070be00000, 0x000000070be00000, 0x000000070c000000|  0%| F|  |TAMS 0x000000070be00000, 0x000000070be00000| Untracked 
|  95|0x000000070c000000, 0x000000070c000000, 0x000000070c200000|  0%| F|  |TAMS 0x000000070c000000, 0x000000070c000000| Untracked 
|  96|0x000000070c200000, 0x000000070c200000, 0x000000070c400000|  0%| F|  |TAMS 0x000000070c200000, 0x000000070c200000| Untracked 
|  97|0x000000070c400000, 0x000000070c400000, 0x000000070c600000|  0%| F|  |TAMS 0x000000070c400000, 0x000000070c400000| Untracked 
|  98|0x000000070c600000, 0x000000070c600000, 0x000000070c800000|  0%| F|  |TAMS 0x000000070c600000, 0x000000070c600000| Untracked 
|  99|0x000000070c800000, 0x000000070c800000, 0x000000070ca00000|  0%| F|  |TAMS 0x000000070c800000, 0x000000070c800000| Untracked 
| 100|0x000000070ca00000, 0x000000070ca00000, 0x000000070cc00000|  0%| F|  |TAMS 0x000000070ca00000, 0x000000070ca00000| Untracked 
| 101|0x000000070cc00000, 0x000000070cc00000, 0x000000070ce00000|  0%| F|  |TAMS 0x000000070cc00000, 0x000000070cc00000| Untracked 
| 102|0x000000070ce00000, 0x000000070ce00000, 0x000000070d000000|  0%| F|  |TAMS 0x000000070ce00000, 0x000000070ce00000| Untracked 
| 103|0x000000070d000000, 0x000000070d000000, 0x000000070d200000|  0%| F|  |TAMS 0x000000070d000000, 0x000000070d000000| Untracked 
| 104|0x000000070d200000, 0x000000070d200000, 0x000000070d400000|  0%| F|  |TAMS 0x000000070d200000, 0x000000070d200000| Untracked 
| 105|0x000000070d400000, 0x000000070d400000, 0x000000070d600000|  0%| F|  |TAMS 0x000000070d400000, 0x000000070d400000| Untracked 
| 106|0x000000070d600000, 0x000000070d600000, 0x000000070d800000|  0%| F|  |TAMS 0x000000070d600000, 0x000000070d600000| Untracked 
| 107|0x000000070d800000, 0x000000070d800000, 0x000000070da00000|  0%| F|  |TAMS 0x000000070d800000, 0x000000070d800000| Untracked 
| 108|0x000000070da00000, 0x000000070da00000, 0x000000070dc00000|  0%| F|  |TAMS 0x000000070da00000, 0x000000070da00000| Untracked 
| 109|0x000000070dc00000, 0x000000070dc00000, 0x000000070de00000|  0%| F|  |TAMS 0x000000070dc00000, 0x000000070dc00000| Untracked 
| 110|0x000000070de00000, 0x000000070de00000, 0x000000070e000000|  0%| F|  |TAMS 0x000000070de00000, 0x000000070de00000| Untracked 
| 111|0x000000070e000000, 0x000000070e000000, 0x000000070e200000|  0%| F|  |TAMS 0x000000070e000000, 0x000000070e000000| Untracked 
| 112|0x000000070e200000, 0x000000070e200000, 0x000000070e400000|  0%| F|  |TAMS 0x000000070e200000, 0x000000070e200000| Untracked 
| 113|0x000000070e400000, 0x000000070e400000, 0x000000070e600000|  0%| F|  |TAMS 0x000000070e400000, 0x000000070e400000| Untracked 
| 114|0x000000070e600000, 0x000000070e600000, 0x000000070e800000|  0%| F|  |TAMS 0x000000070e600000, 0x000000070e600000| Untracked 
| 115|0x000000070e800000, 0x000000070e800000, 0x000000070ea00000|  0%| F|  |TAMS 0x000000070e800000, 0x000000070e800000| Untracked 
| 116|0x000000070ea00000, 0x000000070ea00000, 0x000000070ec00000|  0%| F|  |TAMS 0x000000070ea00000, 0x000000070ea00000| Untracked 
| 117|0x000000070ec00000, 0x000000070ec00000, 0x000000070ee00000|  0%| F|  |TAMS 0x000000070ec00000, 0x000000070ec00000| Untracked 
| 118|0x000000070ee00000, 0x000000070ee00000, 0x000000070f000000|  0%| F|  |TAMS 0x000000070ee00000, 0x000000070ee00000| Untracked 
| 119|0x000000070f000000, 0x000000070f000000, 0x000000070f200000|  0%| F|  |TAMS 0x000000070f000000, 0x000000070f000000| Untracked 
| 120|0x000000070f200000, 0x000000070f200000, 0x000000070f400000|  0%| F|  |TAMS 0x000000070f200000, 0x000000070f200000| Untracked 
| 121|0x000000070f400000, 0x000000070f400000, 0x000000070f600000|  0%| F|  |TAMS 0x000000070f400000, 0x000000070f400000| Untracked 
| 122|0x000000070f600000, 0x000000070f600000, 0x000000070f800000|  0%| F|  |TAMS 0x000000070f600000, 0x000000070f600000| Untracked 
| 123|0x000000070f800000, 0x000000070f800000, 0x000000070fa00000|  0%| F|  |TAMS 0x000000070f800000, 0x000000070f800000| Untracked 
| 124|0x000000070fa00000, 0x000000070fa00000, 0x000000070fc00000|  0%| F|  |TAMS 0x000000070fa00000, 0x000000070fa00000| Untracked 
| 125|0x000000070fc00000, 0x000000070fc00000, 0x000000070fe00000|  0%| F|  |TAMS 0x000000070fc00000, 0x000000070fc00000| Untracked 
| 126|0x000000070fe00000, 0x000000070fe00000, 0x0000000710000000|  0%| F|  |TAMS 0x000000070fe00000, 0x000000070fe00000| Untracked 
| 127|0x0000000710000000, 0x0000000710000000, 0x0000000710200000|  0%| F|  |TAMS 0x0000000710000000, 0x0000000710000000| Untracked 
| 128|0x0000000710200000, 0x0000000710200000, 0x0000000710400000|  0%| F|  |TAMS 0x0000000710200000, 0x0000000710200000| Untracked 
| 129|0x0000000710400000, 0x0000000710400000, 0x0000000710600000|  0%| F|  |TAMS 0x0000000710400000, 0x0000000710400000| Untracked 
| 130|0x0000000710600000, 0x0000000710600000, 0x0000000710800000|  0%| F|  |TAMS 0x0000000710600000, 0x0000000710600000| Untracked 
| 131|0x0000000710800000, 0x0000000710800000, 0x0000000710a00000|  0%| F|  |TAMS 0x0000000710800000, 0x0000000710800000| Untracked 
| 132|0x0000000710a00000, 0x0000000710a00000, 0x0000000710c00000|  0%| F|  |TAMS 0x0000000710a00000, 0x0000000710a00000| Untracked 
| 133|0x0000000710c00000, 0x0000000710c00000, 0x0000000710e00000|  0%| F|  |TAMS 0x0000000710c00000, 0x0000000710c00000| Untracked 
| 134|0x0000000710e00000, 0x0000000710e00000, 0x0000000711000000|  0%| F|  |TAMS 0x0000000710e00000, 0x0000000710e00000| Untracked 
| 135|0x0000000711000000, 0x0000000711000000, 0x0000000711200000|  0%| F|  |TAMS 0x0000000711000000, 0x0000000711000000| Untracked 
| 136|0x0000000711200000, 0x0000000711200000, 0x0000000711400000|  0%| F|  |TAMS 0x0000000711200000, 0x0000000711200000| Untracked 
| 137|0x0000000711400000, 0x0000000711400000, 0x0000000711600000|  0%| F|  |TAMS 0x0000000711400000, 0x0000000711400000| Untracked 
| 138|0x0000000711600000, 0x0000000711600000, 0x0000000711800000|  0%| F|  |TAMS 0x0000000711600000, 0x0000000711600000| Untracked 
| 139|0x0000000711800000, 0x0000000711800000, 0x0000000711a00000|  0%| F|  |TAMS 0x0000000711800000, 0x0000000711800000| Untracked 
| 140|0x0000000711a00000, 0x0000000711a00000, 0x0000000711c00000|  0%| F|  |TAMS 0x0000000711a00000, 0x0000000711a00000| Untracked 
| 141|0x0000000711c00000, 0x0000000711c00000, 0x0000000711e00000|  0%| F|  |TAMS 0x0000000711c00000, 0x0000000711c00000| Untracked 
| 142|0x0000000711e00000, 0x0000000711e00000, 0x0000000712000000|  0%| F|  |TAMS 0x0000000711e00000, 0x0000000711e00000| Untracked 
| 143|0x0000000712000000, 0x0000000712000000, 0x0000000712200000|  0%| F|  |TAMS 0x0000000712000000, 0x0000000712000000| Untracked 
| 144|0x0000000712200000, 0x0000000712200000, 0x0000000712400000|  0%| F|  |TAMS 0x0000000712200000, 0x0000000712200000| Untracked 
| 145|0x0000000712400000, 0x0000000712400000, 0x0000000712600000|  0%| F|  |TAMS 0x0000000712400000, 0x0000000712400000| Untracked 
| 146|0x0000000712600000, 0x0000000712600000, 0x0000000712800000|  0%| F|  |TAMS 0x0000000712600000, 0x0000000712600000| Untracked 
| 147|0x0000000712800000, 0x0000000712800000, 0x0000000712a00000|  0%| F|  |TAMS 0x0000000712800000, 0x0000000712800000| Untracked 
| 148|0x0000000712a00000, 0x0000000712a00000, 0x0000000712c00000|  0%| F|  |TAMS 0x0000000712a00000, 0x0000000712a00000| Untracked 
| 149|0x0000000712c00000, 0x0000000712c00000, 0x0000000712e00000|  0%| F|  |TAMS 0x0000000712c00000, 0x0000000712c00000| Untracked 
| 150|0x0000000712e00000, 0x0000000712e00000, 0x0000000713000000|  0%| F|  |TAMS 0x0000000712e00000, 0x0000000712e00000| Untracked 
| 151|0x0000000713000000, 0x0000000713000000, 0x0000000713200000|  0%| F|  |TAMS 0x0000000713000000, 0x0000000713000000| Untracked 
| 152|0x0000000713200000, 0x0000000713200000, 0x0000000713400000|  0%| F|  |TAMS 0x0000000713200000, 0x0000000713200000| Untracked 
| 153|0x0000000713400000, 0x0000000713400000, 0x0000000713600000|  0%| F|  |TAMS 0x0000000713400000, 0x0000000713400000| Untracked 
| 154|0x0000000713600000, 0x0000000713600000, 0x0000000713800000|  0%| F|  |TAMS 0x0000000713600000, 0x0000000713600000| Untracked 
| 155|0x0000000713800000, 0x0000000713800000, 0x0000000713a00000|  0%| F|  |TAMS 0x0000000713800000, 0x0000000713800000| Untracked 
| 156|0x0000000713a00000, 0x0000000713a00000, 0x0000000713c00000|  0%| F|  |TAMS 0x0000000713a00000, 0x0000000713a00000| Untracked 
| 157|0x0000000713c00000, 0x0000000713c00000, 0x0000000713e00000|  0%| F|  |TAMS 0x0000000713c00000, 0x0000000713c00000| Untracked 
| 158|0x0000000713e00000, 0x0000000713e00000, 0x0000000714000000|  0%| F|  |TAMS 0x0000000713e00000, 0x0000000713e00000| Untracked 
| 159|0x0000000714000000, 0x0000000714000000, 0x0000000714200000|  0%| F|  |TAMS 0x0000000714000000, 0x0000000714000000| Untracked 
| 160|0x0000000714200000, 0x0000000714200000, 0x0000000714400000|  0%| F|  |TAMS 0x0000000714200000, 0x0000000714200000| Untracked 
| 161|0x0000000714400000, 0x0000000714400000, 0x0000000714600000|  0%| F|  |TAMS 0x0000000714400000, 0x0000000714400000| Untracked 
| 162|0x0000000714600000, 0x0000000714600000, 0x0000000714800000|  0%| F|  |TAMS 0x0000000714600000, 0x0000000714600000| Untracked 
| 163|0x0000000714800000, 0x0000000714800000, 0x0000000714a00000|  0%| F|  |TAMS 0x0000000714800000, 0x0000000714800000| Untracked 
| 164|0x0000000714a00000, 0x0000000714a00000, 0x0000000714c00000|  0%| F|  |TAMS 0x0000000714a00000, 0x0000000714a00000| Untracked 
| 165|0x0000000714c00000, 0x0000000714c00000, 0x0000000714e00000|  0%| F|  |TAMS 0x0000000714c00000, 0x0000000714c00000| Untracked 
| 166|0x0000000714e00000, 0x0000000714e00000, 0x0000000715000000|  0%| F|  |TAMS 0x0000000714e00000, 0x0000000714e00000| Untracked 
| 167|0x0000000715000000, 0x0000000715000000, 0x0000000715200000|  0%| F|  |TAMS 0x0000000715000000, 0x0000000715000000| Untracked 
| 168|0x0000000715200000, 0x0000000715200000, 0x0000000715400000|  0%| F|  |TAMS 0x0000000715200000, 0x0000000715200000| Untracked 
| 169|0x0000000715400000, 0x0000000715400000, 0x0000000715600000|  0%| F|  |TAMS 0x0000000715400000, 0x0000000715400000| Untracked 
| 170|0x0000000715600000, 0x0000000715600000, 0x0000000715800000|  0%| F|  |TAMS 0x0000000715600000, 0x0000000715600000| Untracked 
| 171|0x0000000715800000, 0x0000000715800000, 0x0000000715a00000|  0%| F|  |TAMS 0x0000000715800000, 0x0000000715800000| Untracked 
| 172|0x0000000715a00000, 0x0000000715a00000, 0x0000000715c00000|  0%| F|  |TAMS 0x0000000715a00000, 0x0000000715a00000| Untracked 
| 173|0x0000000715c00000, 0x0000000715c00000, 0x0000000715e00000|  0%| F|  |TAMS 0x0000000715c00000, 0x0000000715c00000| Untracked 
| 174|0x0000000715e00000, 0x0000000715e00000, 0x0000000716000000|  0%| F|  |TAMS 0x0000000715e00000, 0x0000000715e00000| Untracked 
| 175|0x0000000716000000, 0x0000000716000000, 0x0000000716200000|  0%| F|  |TAMS 0x0000000716000000, 0x0000000716000000| Untracked 
| 176|0x0000000716200000, 0x0000000716200000, 0x0000000716400000|  0%| F|  |TAMS 0x0000000716200000, 0x0000000716200000| Untracked 
| 177|0x0000000716400000, 0x0000000716400000, 0x0000000716600000|  0%| F|  |TAMS 0x0000000716400000, 0x0000000716400000| Untracked 
| 178|0x0000000716600000, 0x0000000716600000, 0x0000000716800000|  0%| F|  |TAMS 0x0000000716600000, 0x0000000716600000| Untracked 
| 179|0x0000000716800000, 0x0000000716800000, 0x0000000716a00000|  0%| F|  |TAMS 0x0000000716800000, 0x0000000716800000| Untracked 
| 180|0x0000000716a00000, 0x0000000716a00000, 0x0000000716c00000|  0%| F|  |TAMS 0x0000000716a00000, 0x0000000716a00000| Untracked 
| 181|0x0000000716c00000, 0x0000000716c00000, 0x0000000716e00000|  0%| F|  |TAMS 0x0000000716c00000, 0x0000000716c00000| Untracked 
| 182|0x0000000716e00000, 0x0000000716e00000, 0x0000000717000000|  0%| F|  |TAMS 0x0000000716e00000, 0x0000000716e00000| Untracked 
| 183|0x0000000717000000, 0x0000000717000000, 0x0000000717200000|  0%| F|  |TAMS 0x0000000717000000, 0x0000000717000000| Untracked 
| 184|0x0000000717200000, 0x0000000717200000, 0x0000000717400000|  0%| F|  |TAMS 0x0000000717200000, 0x0000000717200000| Untracked 
| 185|0x0000000717400000, 0x0000000717400000, 0x0000000717600000|  0%| F|  |TAMS 0x0000000717400000, 0x0000000717400000| Untracked 
| 186|0x0000000717600000, 0x0000000717600000, 0x0000000717800000|  0%| F|  |TAMS 0x0000000717600000, 0x0000000717600000| Untracked 
| 187|0x0000000717800000, 0x0000000717800000, 0x0000000717a00000|  0%| F|  |TAMS 0x0000000717800000, 0x0000000717800000| Untracked 
| 188|0x0000000717a00000, 0x0000000717a00000, 0x0000000717c00000|  0%| F|  |TAMS 0x0000000717a00000, 0x0000000717a00000| Untracked 
| 189|0x0000000717c00000, 0x0000000717c00000, 0x0000000717e00000|  0%| F|  |TAMS 0x0000000717c00000, 0x0000000717c00000| Untracked 
| 190|0x0000000717e00000, 0x0000000717e00000, 0x0000000718000000|  0%| F|  |TAMS 0x0000000717e00000, 0x0000000717e00000| Untracked 
| 191|0x0000000718000000, 0x0000000718000000, 0x0000000718200000|  0%| F|  |TAMS 0x0000000718000000, 0x0000000718000000| Untracked 
| 192|0x0000000718200000, 0x0000000718200000, 0x0000000718400000|  0%| F|  |TAMS 0x0000000718200000, 0x0000000718200000| Untracked 
| 193|0x0000000718400000, 0x0000000718400000, 0x0000000718600000|  0%| F|  |TAMS 0x0000000718400000, 0x0000000718400000| Untracked 
| 194|0x0000000718600000, 0x0000000718600000, 0x0000000718800000|  0%| F|  |TAMS 0x0000000718600000, 0x0000000718600000| Untracked 
| 195|0x0000000718800000, 0x0000000718800000, 0x0000000718a00000|  0%| F|  |TAMS 0x0000000718800000, 0x0000000718800000| Untracked 
| 196|0x0000000718a00000, 0x0000000718a00000, 0x0000000718c00000|  0%| F|  |TAMS 0x0000000718a00000, 0x0000000718a00000| Untracked 
| 197|0x0000000718c00000, 0x0000000718c00000, 0x0000000718e00000|  0%| F|  |TAMS 0x0000000718c00000, 0x0000000718c00000| Untracked 
| 198|0x0000000718e00000, 0x0000000718e00000, 0x0000000719000000|  0%| F|  |TAMS 0x0000000718e00000, 0x0000000718e00000| Untracked 
| 199|0x0000000719000000, 0x0000000719000000, 0x0000000719200000|  0%| F|  |TAMS 0x0000000719000000, 0x0000000719000000| Untracked 

Card table byte_map: [0x00000258fb820000,0x00000258fc020000] _byte_map_base: 0x00000258f801f000

Marking Bits (Prev, Next): (CMBitMap*) 0x00000258fac96750, (CMBitMap*) 0x00000258fac96710
 Prev Bits: [0x000002589b170000, 0x000002589f168000)
 Next Bits: [0x0000025897170000, 0x000002589b168000)

Polling page: 0x00000258f8ad0000

Metaspace:

Usage:
  Non-class:     59.46 MB used.
      Class:      7.58 MB used.
       Both:     67.04 MB used.

Virtual space:
  Non-class space:       64.00 MB reserved,      59.88 MB ( 94%) committed,  8 nodes.
      Class space:        1.00 GB reserved,       8.00 MB ( <1%) committed,  1 nodes.
             Both:        1.06 GB reserved,      67.88 MB (  6%) committed. 

Chunk freelists:
   Non-Class:  3.31 MB
       Class:  3.86 MB
        Both:  7.17 MB

MaxMetaspaceSize: unlimited
CompressedClassSpaceSize: 1.00 GB
Initial GC threshold: 21.00 MB
Current GC threshold: 99.63 MB
CDS: off
MetaspaceReclaimPolicy: balanced
 - commit_granule_bytes: 65536.
 - commit_granule_words: 8192.
 - virtual_space_node_default_size: 1048576.
 - enlarge_chunks_in_place: 1.
 - new_chunks_are_fully_committed: 0.
 - uncommit_free_chunks: 1.
 - use_allocation_guard: 0.
 - handle_deallocations: 1.


Internal statistics:

num_allocs_failed_limit: 9.
num_arena_births: 778.
num_arena_deaths: 0.
num_vsnodes_births: 9.
num_vsnodes_deaths: 0.
num_space_committed: 1086.
num_space_uncommitted: 0.
num_chunks_returned_to_freelist: 9.
num_chunks_taken_from_freelist: 2421.
num_chunk_merges: 6.
num_chunk_splits: 1634.
num_chunks_enlarged: 1089.
num_purges: 2.
num_inconsistent_stats: 0.

CodeHeap 'non-profiled nmethods': size=120000Kb used=5034Kb max_used=5034Kb free=114965Kb
 bounds [0x000002588fc40000, 0x0000025890130000, 0x0000025897170000]
CodeHeap 'profiled nmethods': size=120000Kb used=14645Kb max_used=14656Kb free=105354Kb
 bounds [0x0000025888170000, 0x0000025888fc0000, 0x000002588f6a0000]
CodeHeap 'non-nmethods': size=5760Kb used=1516Kb max_used=1612Kb free=4243Kb
 bounds [0x000002588f6a0000, 0x000002588f910000, 0x000002588fc40000]
 total_blobs=7865 nmethods=6976 adapters=801
 compilation: enabled
              stopped_count=0, restarted_count=0
 full_count=0

Compilation events (20 events):
Event: 38.557 Thread 0x00000258a1048ae0 nmethod 7873 0x0000025890123310 code [0x00000258901234a0, 0x00000258901236b8]
Event: 38.561 Thread 0x00000258ffccc220 7874 %     3       com.st.microxplorer.util.ConstraintSolver::<init> @ 229 (352 bytes)
Event: 38.565 Thread 0x00000258ffccc220 nmethod 7874% 0x0000025888fb7a10 code [0x0000025888fb7f20, 0x0000025888fbb058]
Event: 38.565 Thread 0x00000258ffccc220 7875       3       java.util.DualPivotQuicksort::sort (947 bytes)
Event: 38.567 Thread 0x00000258ffccc220 nmethod 7875 0x0000025888fbc210 code [0x0000025888fbc520, 0x0000025888fbdbb8]
Event: 38.579 Thread 0x00000258ffccc220 7876   !   3       com.st.microxplorer.mcu.Pin::okToUsePin (134 bytes)
Event: 38.581 Thread 0x00000258ffccc220 nmethod 7876 0x0000025888fbe390 code [0x0000025888fbe680, 0x0000025888fbf8c8]
Event: 38.582 Thread 0x00000258ffcca4f0 nmethod 7866% 0x0000025890123890 code [0x0000025890123b20, 0x0000025890125960]
Event: 38.583 Thread 0x00000258ffcca4f0 7877       4       java.util.regex.Pattern::escape (1327 bytes)
Event: 38.587 Thread 0x00000258a1048ae0 7878       4       com.st.microxplorer.altova.db.IP_Modes.PossibleValueType2$MemberAttribute_Value2::getValue (22 bytes)
Event: 38.598 Thread 0x00000258a1048ae0 nmethod 7878 0x0000025890126e90 code [0x0000025890127060, 0x00000258901276c8]
Event: 38.598 Thread 0x00000258a1048ae0 7879       4       com.st.microxplorer.altova.db.IP_Modes.RefModeType$MemberElement_Parameter$MemberElement_Parameter_Iterator::hasNext (44 bytes)
Event: 38.601 Thread 0x00000258a1048ae0 nmethod 7879 0x0000025890127d90 code [0x0000025890127f20, 0x0000025890128108]
Event: 38.602 Thread 0x00000258ffcca4f0 nmethod 7877 0x0000025890128210 code [0x0000025890128440, 0x00000258901295f0]
Event: 38.630 Thread 0x00000258ffcca4f0 7880       4       java.util.LinkedHashMap::keysToArray (38 bytes)
Event: 38.632 Thread 0x00000258ffcca4f0 nmethod 7880 0x0000025890129b10 code [0x0000025890129ca0, 0x0000025890129e78]
Event: 38.636 Thread 0x00000258ffcca4f0 7881       4       java.util.LinkedHashMap::keysToArray (38 bytes)
Event: 38.639 Thread 0x00000258ffcca4f0 nmethod 7881 0x0000025890129f90 code [0x000002589012a120, 0x000002589012a2f8]
Event: 38.646 Thread 0x00000258ffcca4f0 7882 %     4       com.st.microxplorer.mcu.Mcu::getVirtualPin @ 10 (47 bytes)
Event: 38.654 Thread 0x00000258ffcca4f0 nmethod 7882% 0x000002589012a410 code [0x000002589012a5c0, 0x000002589012ab78]

GC Heap History (20 events):
Event: 34.207 GC heap after
{Heap after GC invocations=26 (full 0):
 garbage-first heap   total 303104K, used 93649K [0x0000000700200000, 0x0000000800000000)
  region size 2048K, 11 young (22528K), 11 survivors (22528K)
 Metaspace       used 65078K, committed 66048K, reserved 1114112K
  class space    used 7431K, committed 7872K, reserved 1048576K
}
Event: 34.774 GC heap before
{Heap before GC invocations=26 (full 0):
 garbage-first heap   total 303104K, used 247249K [0x0000000700200000, 0x0000000800000000)
  region size 2048K, 86 young (176128K), 11 survivors (22528K)
 Metaspace       used 65167K, committed 66048K, reserved 1114112K
  class space    used 7438K, committed 7872K, reserved 1048576K
}
Event: 34.785 GC heap after
{Heap after GC invocations=27 (full 0):
 garbage-first heap   total 303104K, used 88342K [0x0000000700200000, 0x0000000800000000)
  region size 2048K, 4 young (8192K), 4 survivors (8192K)
 Metaspace       used 65167K, committed 66048K, reserved 1114112K
  class space    used 7438K, committed 7872K, reserved 1048576K
}
Event: 35.351 GC heap before
{Heap before GC invocations=27 (full 0):
 garbage-first heap   total 303104K, used 246038K [0x0000000700200000, 0x0000000800000000)
  region size 2048K, 81 young (165888K), 4 survivors (8192K)
 Metaspace       used 65189K, committed 66048K, reserved 1114112K
  class space    used 7438K, committed 7872K, reserved 1048576K
}
Event: 35.356 GC heap after
{Heap after GC invocations=28 (full 0):
 garbage-first heap   total 303104K, used 88240K [0x0000000700200000, 0x0000000800000000)
  region size 2048K, 4 young (8192K), 4 survivors (8192K)
 Metaspace       used 65189K, committed 66048K, reserved 1114112K
  class space    used 7438K, committed 7872K, reserved 1048576K
}
Event: 35.947 GC heap before
{Heap before GC invocations=28 (full 0):
 garbage-first heap   total 303104K, used 247984K [0x0000000700200000, 0x0000000800000000)
  region size 2048K, 82 young (167936K), 4 survivors (8192K)
 Metaspace       used 65262K, committed 66176K, reserved 1114112K
  class space    used 7438K, committed 7872K, reserved 1048576K
}
Event: 35.953 GC heap after
{Heap after GC invocations=29 (full 0):
 garbage-first heap   total 303104K, used 89870K [0x0000000700200000, 0x0000000800000000)
  region size 2048K, 5 young (10240K), 5 survivors (10240K)
 Metaspace       used 65262K, committed 66176K, reserved 1114112K
  class space    used 7438K, committed 7872K, reserved 1048576K
}
Event: 36.469 GC heap before
{Heap before GC invocations=29 (full 0):
 garbage-first heap   total 303104K, used 249614K [0x0000000700200000, 0x0000000800000000)
  region size 2048K, 83 young (169984K), 5 survivors (10240K)
 Metaspace       used 65289K, committed 66176K, reserved 1114112K
  class space    used 7438K, committed 7872K, reserved 1048576K
}
Event: 36.476 GC heap after
{Heap after GC invocations=30 (full 0):
 garbage-first heap   total 303104K, used 93787K [0x0000000700200000, 0x0000000800000000)
  region size 2048K, 6 young (12288K), 6 survivors (12288K)
 Metaspace       used 65289K, committed 66176K, reserved 1114112K
  class space    used 7438K, committed 7872K, reserved 1048576K
}
Event: 37.391 GC heap before
{Heap before GC invocations=30 (full 0):
 garbage-first heap   total 303104K, used 251483K [0x0000000700200000, 0x0000000800000000)
  region size 2048K, 84 young (172032K), 6 survivors (12288K)
 Metaspace       used 68367K, committed 69248K, reserved 1114112K
  class space    used 7756K, committed 8192K, reserved 1048576K
}
Event: 37.402 GC heap after
{Heap after GC invocations=31 (full 0):
 garbage-first heap   total 303104K, used 98704K [0x0000000700200000, 0x0000000800000000)
  region size 2048K, 8 young (16384K), 8 survivors (16384K)
 Metaspace       used 68367K, committed 69248K, reserved 1114112K
  class space    used 7756K, committed 8192K, reserved 1048576K
}
Event: 37.663 GC heap before
{Heap before GC invocations=31 (full 0):
 garbage-first heap   total 303104K, used 250256K [0x0000000700200000, 0x0000000800000000)
  region size 2048K, 82 young (167936K), 8 survivors (16384K)
 Metaspace       used 68546K, committed 69440K, reserved 1114112K
  class space    used 7756K, committed 8192K, reserved 1048576K
}
Event: 37.674 GC heap after
{Heap after GC invocations=32 (full 0):
 garbage-first heap   total 409600K, used 101305K [0x0000000700200000, 0x0000000800000000)
  region size 2048K, 7 young (14336K), 7 survivors (14336K)
 Metaspace       used 68546K, committed 69440K, reserved 1114112K
  class space    used 7756K, committed 8192K, reserved 1048576K
}
Event: 37.979 GC heap before
{Heap before GC invocations=32 (full 0):
 garbage-first heap   total 409600K, used 332729K [0x0000000700200000, 0x0000000800000000)
  region size 2048K, 120 young (245760K), 7 survivors (14336K)
 Metaspace       used 68597K, committed 69504K, reserved 1114112K
  class space    used 7756K, committed 8192K, reserved 1048576K
}
Event: 37.990 GC heap after
{Heap after GC invocations=33 (full 0):
 garbage-first heap   total 409600K, used 103148K [0x0000000700200000, 0x0000000800000000)
  region size 2048K, 8 young (16384K), 8 survivors (16384K)
 Metaspace       used 68597K, committed 69504K, reserved 1114112K
  class space    used 7756K, committed 8192K, reserved 1048576K
}
Event: 38.231 GC heap before
{Heap before GC invocations=33 (full 0):
 garbage-first heap   total 409600K, used 332524K [0x0000000700200000, 0x0000000800000000)
  region size 2048K, 120 young (245760K), 8 survivors (16384K)
 Metaspace       used 68627K, committed 69504K, reserved 1114112K
  class space    used 7756K, committed 8192K, reserved 1048576K
}
Event: 38.241 GC heap after
{Heap after GC invocations=34 (full 0):
 garbage-first heap   total 409600K, used 104644K [0x0000000700200000, 0x0000000800000000)
  region size 2048K, 9 young (18432K), 9 survivors (18432K)
 Metaspace       used 68627K, committed 69504K, reserved 1114112K
  class space    used 7756K, committed 8192K, reserved 1048576K
}
Event: 38.429 GC heap before
{Heap before GC invocations=34 (full 0):
 garbage-first heap   total 409600K, used 331972K [0x0000000700200000, 0x0000000800000000)
  region size 2048K, 120 young (245760K), 9 survivors (18432K)
 Metaspace       used 68637K, committed 69504K, reserved 1114112K
  class space    used 7756K, committed 8192K, reserved 1048576K
}
Event: 38.440 GC heap after
{Heap after GC invocations=35 (full 0):
 garbage-first heap   total 409600K, used 105684K [0x0000000700200000, 0x0000000800000000)
  region size 2048K, 8 young (16384K), 8 survivors (16384K)
 Metaspace       used 68637K, committed 69504K, reserved 1114112K
  class space    used 7756K, committed 8192K, reserved 1048576K
}
Event: 38.655 GC heap before
{Heap before GC invocations=35 (full 0):
 garbage-first heap   total 409600K, used 335060K [0x0000000700200000, 0x0000000800000000)
  region size 2048K, 120 young (245760K), 8 survivors (16384K)
 Metaspace       used 68646K, committed 69504K, reserved 1114112K
  class space    used 7756K, committed 8192K, reserved 1048576K
}

Dll operation events (16 events):
Event: 0.005 Loaded shared library C:\Program Files\STMicroelectronics\STM32Cube\STM32CubeMX\jre\bin\java.dll
Event: 0.030 Loaded shared library C:\Program Files\STMicroelectronics\STM32Cube\STM32CubeMX\jre\bin\jsvml.dll
Event: 0.107 Loaded shared library C:\Program Files\STMicroelectronics\STM32Cube\STM32CubeMX\jre\bin\net.dll
Event: 0.109 Loaded shared library C:\Program Files\STMicroelectronics\STM32Cube\STM32CubeMX\jre\bin\nio.dll
Event: 0.149 Loaded shared library C:\Program Files\STMicroelectronics\STM32Cube\STM32CubeMX\jre\bin\zip.dll
Event: 0.191 Loaded shared library C:\Program Files\STMicroelectronics\STM32Cube\STM32CubeMX\jre\bin\jimage.dll
Event: 0.417 Loaded shared library C:\Program Files\STMicroelectronics\STM32Cube\STM32CubeMX\jre\bin\management.dll
Event: 0.424 Loaded shared library C:\Program Files\STMicroelectronics\STM32Cube\STM32CubeMX\jre\bin\management_ext.dll
Event: 0.945 Loaded shared library C:\Program Files\STMicroelectronics\STM32Cube\STM32CubeMX\jre\bin\awt.dll
Event: 1.354 Loaded shared library C:\Program Files\STMicroelectronics\STM32Cube\STM32CubeMX\jre\bin\freetype.dll
Event: 1.355 Loaded shared library C:\Program Files\STMicroelectronics\STM32Cube\STM32CubeMX\jre\bin\fontmanager.dll
Event: 12.564 Loaded shared library C:\Program Files\STMicroelectronics\STM32Cube\STM32CubeMX\jre\bin\verify.dll
Event: 12.698 Loaded shared library C:\Program Files\STMicroelectronics\STM32Cube\STM32CubeMX\jre\bin\prefs.dll
Event: 30.872 Loaded shared library C:\Program Files\STMicroelectronics\STM32Cube\STM32CubeMX\jre\bin\sunmscapi.dll
Event: 32.026 Loaded shared library C:\Program Files\STMicroelectronics\STM32Cube\STM32CubeMX\jre\bin\javajpeg.dll
Event: 32.031 Loaded shared library C:\Program Files\STMicroelectronics\STM32Cube\STM32CubeMX\jre\bin\lcms.dll

Deoptimization events (20 events):
Event: 38.008 Thread 0x00000258ab998840 DEOPT PACKING pc=0x0000025888e9fec0 sp=0x000000f0344fe650
Event: 38.008 Thread 0x00000258ab998840 DEOPT UNPACKING pc=0x000002588f6f7124 sp=0x000000f0344fdc70 mode 0
Event: 38.087 Thread 0x00000258ab998840 DEOPT PACKING pc=0x0000025888e9fec0 sp=0x000000f0344fe650
Event: 38.087 Thread 0x00000258ab998840 DEOPT UNPACKING pc=0x000002588f6f7124 sp=0x000000f0344fdc70 mode 0
Event: 38.141 Thread 0x00000258ab998840 DEOPT PACKING pc=0x0000025888f338db sp=0x000000f0344fe790
Event: 38.141 Thread 0x00000258ab998840 DEOPT UNPACKING pc=0x000002588f6f7124 sp=0x000000f0344fdca0 mode 0
Event: 38.171 Thread 0x00000258ab998840 DEOPT PACKING pc=0x0000025888f065cc sp=0x000000f0344fdf20
Event: 38.171 Thread 0x00000258ab998840 DEOPT UNPACKING pc=0x000002588f6f7124 sp=0x000000f0344fd3b8 mode 0
Event: 38.179 Thread 0x00000258ab998840 DEOPT PACKING pc=0x0000025888f065cc sp=0x000000f0344fdf20
Event: 38.179 Thread 0x00000258ab998840 DEOPT UNPACKING pc=0x000002588f6f7124 sp=0x000000f0344fd3b8 mode 0
Event: 38.282 Thread 0x00000258ab998840 DEOPT PACKING pc=0x0000025888e76d03 sp=0x000000f0344fe570
Event: 38.282 Thread 0x00000258ab998840 DEOPT UNPACKING pc=0x000002588f6f7124 sp=0x000000f0344fdac0 mode 0
Event: 38.389 Thread 0x00000258ab998840 DEOPT PACKING pc=0x0000025888e76d03 sp=0x000000f0344fe570
Event: 38.389 Thread 0x00000258ab998840 DEOPT UNPACKING pc=0x000002588f6f7124 sp=0x000000f0344fdac0 mode 0
Event: 38.396 Thread 0x00000258ab998840 DEOPT PACKING pc=0x0000025888f3e7ef sp=0x000000f0344fe960
Event: 38.396 Thread 0x00000258ab998840 DEOPT UNPACKING pc=0x000002588f6f7124 sp=0x000000f0344fde08 mode 0
Event: 38.632 Thread 0x00000258ab998840 Uncommon trap: trap_request=0xffffff76 fr.pc=0x0000025890129e44 relative=0x00000000000001a4
Event: 38.632 Thread 0x00000258ab998840 Uncommon trap: reason=predicate action=maybe_recompile pc=0x0000025890129e44 method=java.util.LinkedHashMap.keysToArray([Ljava/lang/Object;)[Ljava/lang/Object; @ 12 c2
Event: 38.632 Thread 0x00000258ab998840 DEOPT PACKING pc=0x0000025890129e44 sp=0x000000f0344fe530
Event: 38.632 Thread 0x00000258ab998840 DEOPT UNPACKING pc=0x000002588f6f699d sp=0x000000f0344fe4e8 mode 2

Classes unloaded (0 events):
No events

Classes redefined (0 events):
No events

Internal exceptions (20 events):
Event: 37.525 Thread 0x00000258ab998840 Implicit null exception at 0x0000025888eab146 to 0x0000025888eab46f
Event: 37.525 Thread 0x00000258ab998840 Exception <a 'java/lang/NullPointerException'{0x0000000710306920}> (0x0000000710306920) 
thrown [s\src\hotspot\share\runtime\sharedRuntime.cpp, line 628]
Event: 37.525 Thread 0x00000258ab998840 Implicit null exception at 0x0000025888eab146 to 0x0000025888eab46f
Event: 37.525 Thread 0x00000258ab998840 Exception <a 'java/lang/NullPointerException'{0x0000000710306c18}> (0x0000000710306c18) 
thrown [s\src\hotspot\share\runtime\sharedRuntime.cpp, line 628]
Event: 37.540 Thread 0x00000258ab998840 Implicit null exception at 0x0000025888eab146 to 0x0000025888eab46f
Event: 37.540 Thread 0x00000258ab998840 Exception <a 'java/lang/NullPointerException'{0x000000070f804818}> (0x000000070f804818) 
thrown [s\src\hotspot\share\runtime\sharedRuntime.cpp, line 628]
Event: 37.540 Thread 0x00000258ab998840 Implicit null exception at 0x0000025888eab146 to 0x0000025888eab46f
Event: 37.540 Thread 0x00000258ab998840 Exception <a 'java/lang/NullPointerException'{0x000000070f804b10}> (0x000000070f804b10) 
thrown [s\src\hotspot\share\runtime\sharedRuntime.cpp, line 628]
Event: 37.540 Thread 0x00000258ab998840 Implicit null exception at 0x0000025888eab146 to 0x0000025888eab46f
Event: 37.540 Thread 0x00000258ab998840 Exception <a 'java/lang/NullPointerException'{0x000000070f8057e0}> (0x000000070f8057e0) 
thrown [s\src\hotspot\share\runtime\sharedRuntime.cpp, line 628]
Event: 37.540 Thread 0x00000258ab998840 Implicit null exception at 0x0000025888eab146 to 0x0000025888eab46f
Event: 37.540 Thread 0x00000258ab998840 Exception <a 'java/lang/NullPointerException'{0x000000070f805ad8}> (0x000000070f805ad8) 
thrown [s\src\hotspot\share\runtime\sharedRuntime.cpp, line 628]
Event: 37.691 Thread 0x00000258ab998840 Implicit null exception at 0x0000025888f11840 to 0x0000025888f123e8
Event: 37.691 Thread 0x00000258ab998840 Exception <a 'java/lang/NullPointerException'{0x0000000719051728}> (0x0000000719051728) 
thrown [s\src\hotspot\share\runtime\sharedRuntime.cpp, line 628]
Event: 37.691 Thread 0x00000258ab998840 Implicit null exception at 0x0000025888f11840 to 0x0000025888f123e8
Event: 37.691 Thread 0x00000258ab998840 Exception <a 'java/lang/NullPointerException'{0x0000000719051a20}> (0x0000000719051a20) 
thrown [s\src\hotspot\share\runtime\sharedRuntime.cpp, line 628]
Event: 37.692 Thread 0x00000258ab998840 Implicit null exception at 0x0000025888f11840 to 0x0000025888f123e8
Event: 37.692 Thread 0x00000258ab998840 Exception <a 'java/lang/NullPointerException'{0x0000000719056380}> (0x0000000719056380) 
thrown [s\src\hotspot\share\runtime\sharedRuntime.cpp, line 628]
Event: 37.692 Thread 0x00000258ab998840 Implicit null exception at 0x0000025888f11840 to 0x0000025888f123e8
Event: 37.692 Thread 0x00000258ab998840 Exception <a 'java/lang/NullPointerException'{0x0000000719056678}> (0x0000000719056678) 
thrown [s\src\hotspot\share\runtime\sharedRuntime.cpp, line 628]

VM Operations (20 events):
Event: 37.106 Executing VM operation: HandshakeAllThreads done
Event: 37.222 Executing VM operation: HandshakeAllThreads
Event: 37.222 Executing VM operation: HandshakeAllThreads done
Event: 37.383 Executing VM operation: ICBufferFull
Event: 37.383 Executing VM operation: ICBufferFull done
Event: 37.391 Executing VM operation: G1CollectForAllocation
Event: 37.402 Executing VM operation: G1CollectForAllocation done
Event: 37.663 Executing VM operation: G1CollectForAllocation
Event: 37.674 Executing VM operation: G1CollectForAllocation done
Event: 37.911 Executing VM operation: ICBufferFull
Event: 37.911 Executing VM operation: ICBufferFull done
Event: 37.979 Executing VM operation: G1CollectForAllocation
Event: 37.990 Executing VM operation: G1CollectForAllocation done
Event: 38.231 Executing VM operation: G1CollectForAllocation
Event: 38.241 Executing VM operation: G1CollectForAllocation done
Event: 38.429 Executing VM operation: G1CollectForAllocation
Event: 38.440 Executing VM operation: G1CollectForAllocation done
Event: 38.602 Executing VM operation: HandshakeAllThreads
Event: 38.602 Executing VM operation: HandshakeAllThreads done
Event: 38.655 Executing VM operation: G1CollectForAllocation

Events (20 events):
Event: 38.653 Thread 0x00000258ac7ffc30 Thread exited: 0x00000258ac7ffc30
Event: 38.653 Thread 0x00000258ac7ffc30 Thread added: 0x00000258ac7ffc30
Event: 38.653 Thread 0x00000258ac7ffc30 Thread exited: 0x00000258ac7ffc30
Event: 38.653 Thread 0x00000258ac7fedc0 Thread added: 0x00000258ac7fedc0
Event: 38.653 Thread 0x00000258ac7fedc0 Thread exited: 0x00000258ac7fedc0
Event: 38.653 Thread 0x00000258ac7fe420 Thread added: 0x00000258ac7fe420
Event: 38.654 Thread 0x00000258ac7fe420 Thread exited: 0x00000258ac7fe420
Event: 38.654 Thread 0x00000258ac7ff290 Thread added: 0x00000258ac7ff290
Event: 38.654 Thread 0x00000258ac7ff290 Thread exited: 0x00000258ac7ff290
Event: 38.654 Thread 0x00000258ac7fe420 Thread added: 0x00000258ac7fe420
Event: 38.654 Thread 0x00000258ac7fe420 Thread exited: 0x00000258ac7fe420
Event: 38.654 Thread 0x00000258ac7fe8f0 Thread added: 0x00000258ac7fe8f0
Event: 38.654 Thread 0x00000258ac7fe8f0 Thread exited: 0x00000258ac7fe8f0
Event: 38.654 Thread 0x00000258ab99b390 Thread added: 0x00000258ab99b390
Event: 38.654 Thread 0x00000258ab99b390 Thread exited: 0x00000258ab99b390
Event: 38.654 Thread 0x00000258ab998d10 Thread added: 0x00000258ab998d10
Event: 38.655 Thread 0x00000258ab998d10 Thread exited: 0x00000258ab998d10
Event: 38.655 Thread 0x00000258ab998d10 Thread added: 0x00000258ab998d10
Event: 38.655 Thread 0x00000258ab998d10 Thread exited: 0x00000258ab998d10
Event: 38.655 Thread 0x00000258ab998d10 Thread added: 0x00000258ab998d10


Dynamic libraries:
0x00007ff773ab0000 - 0x00007ff773abe000 	C:\Program Files\STMicroelectronics\STM32Cube\STM32CubeMX\jre\bin\javaw.exe
0x00007ff80e540000 - 0x00007ff80e72f000 	C:\Windows\SYSTEM32\ntdll.dll
0x00007ff80d7f0000 - 0x00007ff80d8a3000 	C:\Windows\System32\KERNEL32.DLL
0x00007ff80b3b0000 - 0x00007ff80b64d000 	C:\Windows\System32\KERNELBASE.dll
0x00007ff8087b0000 - 0x00007ff80883c000 	C:\Windows\SYSTEM32\apphelp.dll
0x00007ff80b670000 - 0x00007ff80b76a000 	C:\Windows\System32\ucrtbase.dll
0x00007ffffcaa0000 - 0x00007ffffcab9000 	C:\Program Files\STMicroelectronics\STM32Cube\STM32CubeMX\jre\bin\VCRUNTIME140.dll
0x00007ffffe810000 - 0x00007ffffe827000 	C:\Program Files\STMicroelectronics\STM32Cube\STM32CubeMX\jre\bin\jli.dll
0x00007ff80d440000 - 0x00007ff80d5d8000 	C:\Windows\System32\USER32.dll
0x00007ff80b390000 - 0x00007ff80b3b0000 	C:\Windows\System32\win32u.dll
0x00007ff800c00000 - 0x00007ff800e79000 	C:\Windows\WinSxS\amd64_microsoft.windows.common-controls_6595b64144ccf1df_6.0.17763.4737_none_de704896534c368b\COMCTL32.dll
0x00007ff80d5e0000 - 0x00007ff80d609000 	C:\Windows\System32\GDI32.dll
0x00007ff80dbc0000 - 0x00007ff80dc5e000 	C:\Windows\System32\msvcrt.dll
0x00007ff80aa60000 - 0x00007ff80ac06000 	C:\Windows\System32\gdi32full.dll
0x00007ff80ba80000 - 0x00007ff80bdab000 	C:\Windows\System32\combase.dll
0x00007ff80a9c0000 - 0x00007ff80aa60000 	C:\Windows\System32\msvcp_win.dll
0x00007ff80b950000 - 0x00007ff80ba6e000 	C:\Windows\System32\RPCRT4.dll
0x00007ff80a5c0000 - 0x00007ff80a642000 	C:\Windows\System32\bcryptPrimitives.dll
0x00007ff80d410000 - 0x00007ff80d43e000 	C:\Windows\System32\IMM32.DLL
0x00007ff806dc0000 - 0x00007ff806dcc000 	C:\Program Files\STMicroelectronics\STM32Cube\STM32CubeMX\jre\bin\vcruntime140_1.dll
0x00007fffc3030000 - 0x00007fffc30c1000 	C:\Program Files\STMicroelectronics\STM32Cube\STM32CubeMX\jre\bin\msvcp140.dll
0x00007fffb3cf0000 - 0x00007fffb4937000 	C:\Program Files\STMicroelectronics\STM32Cube\STM32CubeMX\jre\bin\server\jvm.dll
0x00007ff80e0e0000 - 0x00007ff80e187000 	C:\Windows\System32\ADVAPI32.dll
0x00007ff80d690000 - 0x00007ff80d72f000 	C:\Windows\System32\sechost.dll
0x00007fffffe60000 - 0x00007fffffe69000 	C:\Windows\SYSTEM32\WSOCK32.dll
0x00007ff808550000 - 0x00007ff808574000 	C:\Windows\SYSTEM32\WINMM.dll
0x00007ff805270000 - 0x00007ff80527a000 	C:\Windows\SYSTEM32\VERSION.dll
0x00007ff80b8e0000 - 0x00007ff80b94d000 	C:\Windows\System32\WS2_32.dll
0x00007ff8083f0000 - 0x00007ff80841d000 	C:\Windows\SYSTEM32\WINMMBASE.dll
0x00007ff80a910000 - 0x00007ff80a95a000 	C:\Windows\System32\cfgmgr32.dll
0x00007ff80a540000 - 0x00007ff80a551000 	C:\Windows\System32\kernel.appcore.dll
0x00007ff800260000 - 0x00007ff80026a000 	C:\Program Files\STMicroelectronics\STM32Cube\STM32CubeMX\jre\bin\jimage.dll
0x00007ffffab70000 - 0x00007ffffad5d000 	C:\Windows\SYSTEM32\DBGHELP.DLL
0x00007ffffa9c0000 - 0x00007ffffa9ea000 	C:\Windows\SYSTEM32\dbgcore.DLL
0x00007fffeb8e0000 - 0x00007fffeb905000 	C:\Program Files\STMicroelectronics\STM32Cube\STM32CubeMX\jre\bin\java.dll
0x00007fffbded0000 - 0x00007fffbdfa6000 	C:\Program Files\STMicroelectronics\STM32Cube\STM32CubeMX\jre\bin\jsvml.dll
0x00007ff80bdb0000 - 0x00007ff80d2a8000 	C:\Windows\System32\SHELL32.dll
0x00007ff80d740000 - 0x00007ff80d7e7000 	C:\Windows\System32\shcore.dll
0x00007ff80ac40000 - 0x00007ff80b387000 	C:\Windows\System32\windows.storage.dll
0x00007ff80a510000 - 0x00007ff80a533000 	C:\Windows\System32\profapi.dll
0x00007ff80a560000 - 0x00007ff80a5bd000 	C:\Windows\System32\powrprof.dll
0x00007ff80e3a0000 - 0x00007ff80e3f2000 	C:\Windows\System32\shlwapi.dll
0x00007ff80b650000 - 0x00007ff80b66b000 	C:\Windows\System32\cryptsp.dll
0x00007ffff1a20000 - 0x00007ffff1a39000 	C:\Program Files\STMicroelectronics\STM32Cube\STM32CubeMX\jre\bin\net.dll
0x00007ff800370000 - 0x00007ff80046d000 	C:\Windows\SYSTEM32\WINHTTP.dll
0x00007ff809ce0000 - 0x00007ff809d47000 	C:\Windows\system32\mswsock.dll
0x00007fffda2e0000 - 0x00007fffda2f5000 	C:\Program Files\STMicroelectronics\STM32Cube\STM32CubeMX\jre\bin\nio.dll
0x00007fffda2c0000 - 0x00007fffda2d8000 	C:\Program Files\STMicroelectronics\STM32Cube\STM32CubeMX\jre\bin\zip.dll
0x00007fffffe80000 - 0x00007fffffe89000 	C:\Program Files\STMicroelectronics\STM32Cube\STM32CubeMX\jre\bin\management.dll
0x00007fffffe30000 - 0x00007fffffe3b000 	C:\Program Files\STMicroelectronics\STM32Cube\STM32CubeMX\jre\bin\management_ext.dll
0x00007ff80d330000 - 0x00007ff80d338000 	C:\Windows\System32\PSAPI.DLL
0x00007ffff4170000 - 0x00007ffff4186000 	C:\Windows\system32\napinsp.dll
0x00007ffff4150000 - 0x00007ffff416a000 	C:\Windows\system32\pnrpnsp.dll
0x00007ff809a30000 - 0x00007ff809af6000 	C:\Windows\SYSTEM32\DNSAPI.dll
0x00007ff80d730000 - 0x00007ff80d738000 	C:\Windows\System32\NSI.dll
0x00007ff8099f0000 - 0x00007ff809a2d000 	C:\Windows\SYSTEM32\IPHLPAPI.DLL
0x00007ffff4140000 - 0x00007ffff414e000 	C:\Windows\System32\winrnr.dll
0x00007ff806d20000 - 0x00007ff806d3b000 	C:\Windows\system32\NLAapi.dll
0x00007ffff4120000 - 0x00007ffff4135000 	C:\Windows\system32\wshbth.dll
0x000000006f800000 - 0x000000006f826000 	C:\Program Files\Bonjour\mdnsNSP.dll
0x00007fffff880000 - 0x00007fffff88a000 	C:\Windows\System32\rasadhlp.dll
0x00007ff803c30000 - 0x00007ff803ca9000 	C:\Windows\System32\fwpuclnt.dll
0x00007ff80ac10000 - 0x00007ff80ac36000 	C:\Windows\System32\bcrypt.dll
0x00007fffbbdf0000 - 0x00007fffbbf7e000 	C:\Program Files\STMicroelectronics\STM32Cube\STM32CubeMX\jre\bin\awt.dll
0x00007ff80d340000 - 0x00007ff80d404000 	C:\Windows\System32\OLEAUT32.dll
0x00007ff809860000 - 0x00007ff809893000 	C:\Windows\system32\rsaenh.dll
0x00007ff80a420000 - 0x00007ff80a449000 	C:\Windows\SYSTEM32\USERENV.dll
0x00007ff809eb0000 - 0x00007ff809ebc000 	C:\Windows\SYSTEM32\CRYPTBASE.dll
0x00007ff804e50000 - 0x00007ff804e66000 	C:\Windows\SYSTEM32\dhcpcsvc6.DLL
0x00007ff804540000 - 0x00007ff80455c000 	C:\Windows\SYSTEM32\dhcpcsvc.DLL
0x00007ff808a70000 - 0x00007ff808b0c000 	C:\Windows\system32\uxtheme.dll
0x00007ff80b770000 - 0x00007ff80b8db000 	C:\Windows\System32\MSCTF.dll
0x00007ffff3480000 - 0x00007ffff34a3000 	C:\Program Files (x86)\Yandex\Punto Switcher\PSHook64.dll
0x00007ff808d70000 - 0x00007ff808d9e000 	C:\Windows\system32\dwmapi.dll
0x00007ff80a650000 - 0x00007ff80a854000 	C:\Windows\System32\CRYPT32.dll
0x00007ff80a4f0000 - 0x00007ff80a502000 	C:\Windows\System32\MSASN1.dll
0x00007ff80d8b0000 - 0x00007ff80da06000 	C:\Windows\System32\ole32.dll
0x00007fffbcd30000 - 0x00007fffbce57000 	C:\Windows\system32\opengl32.dll
0x00007fffda1a0000 - 0x00007fffda1cc000 	C:\Windows\SYSTEM32\GLU32.dll
0x00007fffd3820000 - 0x00007fffd39bd000 	C:\Windows\system32\d3d9.dll
0x00007ff8052d0000 - 0x00007ff8053bb000 	C:\Windows\System32\DriverStore\FileRepository\nv_ref_pubwu.inf_amd64_708ec8f9a4d134c6\nvldumdx.dll
0x00007fffd2610000 - 0x00007fffd381d000 	C:\Windows\System32\DriverStore\FileRepository\nv_ref_pubwu.inf_amd64_708ec8f9a4d134c6\nvd3dumx.dll
0x00007fffc2fa0000 - 0x00007fffc3026000 	C:\Program Files\STMicroelectronics\STM32Cube\STM32CubeMX\jre\bin\freetype.dll
0x00007fffbd6b0000 - 0x00007fffbd775000 	C:\Program Files\STMicroelectronics\STM32Cube\STM32CubeMX\jre\bin\fontmanager.dll
0x00007ffffdd50000 - 0x00007ffffdd60000 	C:\Program Files\STMicroelectronics\STM32Cube\STM32CubeMX\jre\bin\verify.dll
0x00007ffffd850000 - 0x00007ffffd859000 	C:\Program Files\STMicroelectronics\STM32Cube\STM32CubeMX\jre\bin\prefs.dll
0x00007ff809530000 - 0x00007ff809561000 	C:\Windows\SYSTEM32\ntmarta.dll
0x00007ffffb150000 - 0x00007ffffb15e000 	C:\Program Files\STMicroelectronics\STM32Cube\STM32CubeMX\jre\bin\sunmscapi.dll
0x00007ff809fb0000 - 0x00007ff809fdc000 	C:\Windows\SYSTEM32\ncrypt.dll
0x00007ff809f70000 - 0x00007ff809fac000 	C:\Windows\SYSTEM32\NTASN1.dll
0x00007ff809160000 - 0x00007ff809182000 	C:\Windows\SYSTEM32\gpapi.dll
0x00007ffff03b0000 - 0x00007ffff040a000 	C:\Windows\system32\ncryptprov.dll
0x00007fffc2f70000 - 0x00007fffc2f9d000 	C:\Program Files\STMicroelectronics\STM32Cube\STM32CubeMX\jre\bin\javajpeg.dll
0x00007fffc2890000 - 0x00007fffc28d1000 	C:\Program Files\STMicroelectronics\STM32Cube\STM32CubeMX\jre\bin\lcms.dll
0x00007ff80e460000 - 0x00007ff80e508000 	C:\Windows\System32\clbcatq.dll
0x00007ff805ab0000 - 0x00007ff805c68000 	C:\Windows\SYSTEM32\WindowsCodecs.dll
0x00007fffee2d0000 - 0x00007fffee326000 	C:\Windows\system32\dataexchange.dll
0x00007ff807680000 - 0x00007ff8078fe000 	C:\Windows\system32\d3d11.dll
0x00007ff807ec0000 - 0x00007ff808083000 	C:\Windows\system32\dcomp.dll
0x00007ff8092b0000 - 0x00007ff809372000 	C:\Windows\system32\dxgi.dll
0x00007ff808b60000 - 0x00007ff808d6c000 	C:\Windows\system32\twinapi.appcore.dll
0x00007ff808da0000 - 0x00007ff808dc8000 	C:\Windows\system32\RMCLIENT.dll
0x00007ffffa820000 - 0x00007ffffa8b3000 	C:\Windows\System32\TextInputFramework.dll
0x00007ff8062e0000 - 0x00007ff806602000 	C:\Windows\System32\CoreUIComponents.dll
0x00007ff808420000 - 0x00007ff808501000 	C:\Windows\System32\CoreMessaging.dll
0x00007ff806110000 - 0x00007ff806261000 	C:\Windows\SYSTEM32\wintypes.dll

dbghelp: loaded successfully - version: 4.0.5 - missing functions: none
symbol engine: initialized successfully - sym options: 0x614 - pdb path: .;C:\Program Files\STMicroelectronics\STM32Cube\STM32CubeMX\jre\bin;C:\Windows\SYSTEM32;C:\Windows\WinSxS\amd64_microsoft.windows.common-controls_6595b64144ccf1df_6.0.17763.4737_none_de704896534c368b;C:\Program Files\STMicroelectronics\STM32Cube\STM32CubeMX\jre\bin\server;C:\Program Files\Bonjour;C:\Program Files (x86)\Yandex\Punto Switcher;C:\Windows\System32\DriverStore\FileRepository\nv_ref_pubwu.inf_amd64_708ec8f9a4d134c6

VM Arguments:
jvm_args: -Djavax.net.ssl.trustStoreType=WINDOWS-ROOT 
java_command: com.st.microxplorer.maingui.STM32CubeMX D:\work\ÐÀÇÐÀÁÎÒÊÈ\board STM32G070CBT6\4_IAR\4_SPI_DMA_LL_driver\STM32G070.ioc
java_class_path (initial): C:\Program Files\STMicroelectronics\STM32Cube\STM32CubeMX\STM32CubeMX.exe;anything
Launcher Type: SUN_STANDARD

[Global flags]
     intx CICompilerCount                          = 4                                         {product} {ergonomic}
     uint ConcGCThreads                            = 2                                         {product} {ergonomic}
     uint G1ConcRefinementThreads                  = 8                                         {product} {ergonomic}
   size_t G1HeapRegionSize                         = 2097152                                   {product} {ergonomic}
    uintx GCDrainStackTargetSize                   = 64                                        {product} {ergonomic}
   size_t InitialHeapSize                          = 268435456                                 {product} {ergonomic}
   size_t MarkStackSize                            = 4194304                                   {product} {ergonomic}
   size_t MaxHeapSize                              = 4292870144                                {product} {ergonomic}
   size_t MaxNewSize                               = 2575302656                                {product} {ergonomic}
   size_t MinHeapDeltaBytes                        = 2097152                                   {product} {ergonomic}
   size_t MinHeapSize                              = 8388608                                   {product} {ergonomic}
    uintx NonNMethodCodeHeapSize                   = 5839372                                {pd product} {ergonomic}
    uintx NonProfiledCodeHeapSize                  = 122909434                              {pd product} {ergonomic}
    uintx ProfiledCodeHeapSize                     = 122909434                              {pd product} {ergonomic}
    uintx ReservedCodeCacheSize                    = 251658240                              {pd product} {ergonomic}
     bool SegmentedCodeCache                       = true                                      {product} {ergonomic}
   size_t SoftMaxHeapSize                          = 4292870144                             {manageable} {ergonomic}
     bool UseCompressedClassPointers               = true                           {product lp64_product} {ergonomic}
     bool UseCompressedOops                        = true                           {product lp64_product} {ergonomic}
     bool UseG1GC                                  = true                                      {product} {ergonomic}
     bool UseLargePagesIndividualAllocation        = false                                  {pd product} {ergonomic}

Logging:
Log output configuration:
 #0: stdout all=warning uptime,level,tags
 #1: stderr all=off uptime,level,tags

Environment Variables:
PATH=C:\Program Files\STMicroelectronics\STM32Cube\STM32CubeMX\;;C:\Program Files (x86)\Common Files\NetSarang;C:\ProgramData\Oracle\Java\javapath;C:\Program Files (x86)\Embarcadero\Studio\20.0\bin;C:\Users\Public\Documents\Embarcadero\Studio\20.0\Bpl;C:\Program Files (x86)\Embarcadero\Studio\20.0\bin64;C:\Users\Public\Documents\Embarcadero\Studio\20.0\Bpl\Win64;C:\Windows\system32;C:\Windows;C:\Windows\System32\Wbem;C:\Windows\System32\WindowsPowerShell\v1.0\;C:\Windows\System32\OpenSSH\;C:\Program Files (x86)\ATI Technologies\ATI.ACE\Core-Static;C:\Program Files (x86)\STMicroelectronics\STM32 ST-LINK Utility\ST-LINK Utility;C:\Program Files (x86)\IVI Foundation\VISA\WinNT\Bin\;C:\Program Files\IVI Foundation\VISA\Win64\Bin\;C:\Program Files (x86)\Windows Kits\8.1\Windows Performance Toolkit\;C:\Program Files (x86)\AMD\ATI.ACE\Core-Static;C:\Program Files (x86)\NVIDIA Corporation\PhysX\Common;C:\Program Files (x86)\NetSarang\Xshell 7\;C:\Users\RusikOk\AppData\Local\Microsoft\WindowsApps;C:\Users\RusikOk\AppData\Local\GitHubDesktop\bin;C:\Program Files (x86)\Nmap;C:\Program Files\STMicroelectronics\STM32Cube\STM32CubeMX\.\jre\\bin
USERNAME=RusikOk
OS=Windows_NT
PROCESSOR_IDENTIFIER=Intel64 Family 6 Model 30 Stepping 5, GenuineIntel
TMP=C:\Users\RusikOk\AppData\Local\Temp
TEMP=C:\Users\RusikOk\AppData\Local\Temp



---------------  S Y S T E M  ---------------

OS:
 Windows 10 , 64 bit Build 17763 (10.0.17763.4720)
OS uptime: 18 days 12:30 hours

CPU: total 8 (initial active 8) (4 cores per cpu, 2 threads per core) family 6 model 30 stepping 5 microcode 0xa, cx8, cmov, fxsr, ht, mmx, sse, sse2, sse3, ssse3, sse4.1, sse4.2, popcnt, tsc, tscinvbit, clflush

Memory: 4k page, system-wide physical 16375M (2783M free)
TotalPageFile size 16375M (AvailPageFile size 99M)
current process WorkingSet (physical memory assigned to process): 586M, peak: 597M
current process commit charge ("private bytes"): 710M, peak: 860M

vm_info: OpenJDK 64-Bit Server VM (17.0.6+10) for windows-amd64 JRE (17.0.6+10), built on Jan 18 2023 10:08:59 by "temurin" with MS VC++ 16.7 (VS2019)

END.
